# JRE version: Java(TM) SE Runtime Environment (8.0_101-b13) (build 1.8.0_101-b13)
# Java VM: Java HotSpot(TM) 64-Bit Server VM (25.101-b13 mixed mode linux-amd64 compressed oops)
Heap:
 PSYoungGen      total 265728K, used 108188K [0x000000076c400000, 0x0000000782280000, 0x00000007c0000000)
  eden space 254976K, 38% used [0x000000076c400000,0x000000077232c370,0x000000077bd00000)
  from space 10752K, 99% used [0x000000077bd00000,0x000000077c77b060,0x000000077c780000)
  to   space 20992K, 0% used [0x0000000780e00000,0x0000000780e00000,0x0000000782280000)
 ParOldGen       total 104960K, used 18908K [0x00000006c4c00000, 0x00000006cb280000, 0x000000076c400000)
  object space 104960K, 18% used [0x00000006c4c00000,0x00000006c5e771f8,0x00000006cb280000)
 Metaspace       used 30549K, capacity 30896K, committed 31232K, reserved 1077248K
  class space    used 3890K, capacity 3980K, committed 4096K, reserved 1048576K
GC Heap History (10 events):
Event: 2,164 GC heap before
{Heap before GC invocations=2 (full 0):
 PSYoungGen      total 75264K, used 69915K [0x000000076c400000, 0x0000000775700000, 0x00000007c0000000)
  eden space 64512K, 100% used [0x000000076c400000,0x0000000770300000,0x0000000770300000)
  from space 10752K, 50% used [0x0000000770300000,0x0000000770846d98,0x0000000770d80000)
  to   space 10752K, 0% used [0x0000000774c80000,0x0000000774c80000,0x0000000775700000)
 ParOldGen       total 172032K, used 80K [0x00000006c4c00000, 0x00000006cf400000, 0x000000076c400000)
  object space 172032K, 0% used [0x00000006c4c00000,0x00000006c4c14028,0x00000006cf400000)
 Metaspace       used 19372K, capacity 19562K, committed 19968K, reserved 1067008K
  class space    used 2415K, capacity 2491K, committed 2560K, reserved 1048576K
Event: 2,199 GC heap after
Heap after GC invocations=2 (full 0):
 PSYoungGen      total 139776K, used 10751K [0x000000076c400000, 0x0000000775700000, 0x00000007c0000000)
  eden space 129024K, 0% used [0x000000076c400000,0x000000076c400000,0x0000000774200000)
  from space 10752K, 99% used [0x0000000774c80000,0x00000007756ffce0,0x0000000775700000)
  to   space 10752K, 0% used [0x0000000774200000,0x0000000774200000,0x0000000774c80000)
 ParOldGen       total 172032K, used 4433K [0x00000006c4c00000, 0x00000006cf400000, 0x000000076c400000)
  object space 172032K, 2% used [0x00000006c4c00000,0x00000006c50546b0,0x00000006cf400000)
 Metaspace       used 19372K, capacity 19562K, committed 19968K, reserved 1067008K
  class space    used 2415K, capacity 2491K, committed 2560K, reserved 1048576K
}
Event: 2,594 GC heap before
{Heap before GC invocations=3 (full 0):
 PSYoungGen      total 139776K, used 24022K [0x000000076c400000, 0x0000000775700000, 0x00000007c0000000)
  eden space 129024K, 10% used [0x000000076c400000,0x000000076d0f5e80,0x0000000774200000)
  from space 10752K, 99% used [0x0000000774c80000,0x00000007756ffce0,0x0000000775700000)
  to   space 10752K, 0% used [0x0000000774200000,0x0000000774200000,0x0000000774c80000)
 ParOldGen       total 172032K, used 4433K [0x00000006c4c00000, 0x00000006cf400000, 0x000000076c400000)
  object space 172032K, 2% used [0x00000006c4c00000,0x00000006c50546b0,0x00000006cf400000)
 Metaspace       used 20872K, capacity 21034K, committed 21248K, reserved 1067008K
  class space    used 2685K, capacity 2747K, committed 2816K, reserved 1048576K
Event: 2,644 GC heap after
Heap after GC invocations=3 (full 0):
 PSYoungGen      total 139776K, used 10734K [0x000000076c400000, 0x000000077d500000, 0x00000007c0000000)
  eden space 129024K, 0% used [0x000000076c400000,0x000000076c400000,0x0000000774200000)
  from space 10752K, 99% used [0x0000000774200000,0x0000000774c7bb28,0x0000000774c80000)
  to   space 10752K, 0% used [0x000000077ca80000,0x000000077ca80000,0x000000077d500000)
 ParOldGen       total 172032K, used 5174K [0x00000006c4c00000, 0x00000006cf400000, 0x000000076c400000)
  object space 172032K, 3% used [0x00000006c4c00000,0x00000006c510dad8,0x00000006cf400000)
 Metaspace       used 20872K, capacity 21034K, committed 21248K, reserved 1067008K
  class space    used 2685K, capacity 2747K, committed 2816K, reserved 1048576K
}
Event: 2,644 GC heap before
{Heap before GC invocations=4 (full 1):
 PSYoungGen      total 139776K, used 10734K [0x000000076c400000, 0x000000077d500000, 0x00000007c0000000)
  eden space 129024K, 0% used [0x000000076c400000,0x000000076c400000,0x0000000774200000)
  from space 10752K, 99% used [0x0000000774200000,0x0000000774c7bb28,0x0000000774c80000)
  to   space 10752K, 0% used [0x000000077ca80000,0x000000077ca80000,0x000000077d500000)
 ParOldGen       total 172032K, used 5174K [0x00000006c4c00000, 0x00000006cf400000, 0x000000076c400000)
  object space 172032K, 3% used [0x00000006c4c00000,0x00000006c510dad8,0x00000006cf400000)
 Metaspace       used 20872K, capacity 21034K, committed 21248K, reserved 1067008K
  class space    used 2685K, capacity 2747K, committed 2816K, reserved 1048576K
Event: 2,720 GC heap after
Heap after GC invocations=4 (full 1):
 PSYoungGen      total 139776K, used 0K [0x000000076c400000, 0x000000077d500000, 0x00000007c0000000)
  eden space 129024K, 0% used [0x000000076c400000,0x000000076c400000,0x0000000774200000)
  from space 10752K, 0% used [0x0000000774200000,0x0000000774200000,0x0000000774c80000)
  to   space 10752K, 0% used [0x000000077ca80000,0x000000077ca80000,0x000000077d500000)
 ParOldGen       total 104960K, used 11233K [0x00000006c4c00000, 0x00000006cb280000, 0x000000076c400000)
  object space 104960K, 10% used [0x00000006c4c00000,0x00000006c56f8448,0x00000006cb280000)
 Metaspace       used 20872K, capacity 21034K, committed 21248K, reserved 1067008K
  class space    used 2685K, capacity 2747K, committed 2816K, reserved 1048576K
}
Event: 4,522 GC heap before
{Heap before GC invocations=5 (full 1):
 PSYoungGen      total 139776K, used 129024K [0x000000076c400000, 0x000000077d500000, 0x00000007c0000000)
  eden space 129024K, 100% used [0x000000076c400000,0x0000000774200000,0x0000000774200000)
  from space 10752K, 0% used [0x0000000774200000,0x0000000774200000,0x0000000774c80000)
  to   space 10752K, 0% used [0x000000077ca80000,0x000000077ca80000,0x000000077d500000)
 ParOldGen       total 104960K, used 11233K [0x00000006c4c00000, 0x00000006cb280000, 0x000000076c400000)
  object space 104960K, 10% used [0x00000006c4c00000,0x00000006c56f8448,0x00000006cb280000)
 Metaspace       used 22452K, capacity 22588K, committed 22912K, reserved 1069056K
  class space    used 2833K, capacity 2878K, committed 2944K, reserved 1048576K
Event: 4,545 GC heap after
Heap after GC invocations=5 (full 1):
 PSYoungGen      total 212480K, used 7335K [0x000000076c400000, 0x000000077d200000, 0x00000007c0000000)
  eden space 204800K, 0% used [0x000000076c400000,0x000000076c400000,0x0000000778c00000)
  from space 7680K, 95% used [0x000000077ca80000,0x000000077d1a9ce0,0x000000077d200000)
  to   space 10752K, 0% used [0x000000077bd00000,0x000000077bd00000,0x000000077c780000)
 ParOldGen       total 104960K, used 11241K [0x00000006c4c00000, 0x00000006cb280000, 0x000000076c400000)
  object space 104960K, 10% used [0x00000006c4c00000,0x00000006c56fa448,0x00000006cb280000)
 Metaspace       used 22452K, capacity 22588K, committed 22912K, reserved 1069056K
  class space    used 2833K, capacity 2878K, committed 2944K, reserved 1048576K
}
Event: 7,323 GC heap before
{Heap before GC invocations=6 (full 1):
 PSYoungGen      total 212480K, used 212135K [0x000000076c400000, 0x000000077d200000, 0x00000007c0000000)
  eden space 204800K, 100% used [0x000000076c400000,0x0000000778c00000,0x0000000778c00000)
  from space 7680K, 95% used [0x000000077ca80000,0x000000077d1a9ce0,0x000000077d200000)
  to   space 10752K, 0% used [0x000000077bd00000,0x000000077bd00000,0x000000077c780000)
 ParOldGen       total 104960K, used 11241K [0x00000006c4c00000, 0x00000006cb280000, 0x000000076c400000)
  object space 104960K, 10% used [0x00000006c4c00000,0x00000006c56fa448,0x00000006cb280000)
 Metaspace       used 28475K, capacity 28810K, committed 29184K, reserved 1075200K
  class space    used 3679K, capacity 3755K, committed 3840K, reserved 1048576K
Event: 7,368 GC heap after
Heap after GC invocations=6 (full 1):
 PSYoungGen      total 265728K, used 10732K [0x000000076c400000, 0x0000000782280000, 0x00000007c0000000)
  eden space 254976K, 0% used [0x000000076c400000,0x000000076c400000,0x000000077bd00000)
  from space 10752K, 99% used [0x000000077bd00000,0x000000077c77b060,0x000000077c780000)
  to   space 20992K, 0% used [0x0000000780e00000,0x0000000780e00000,0x0000000782280000)
 ParOldGen       total 104960K, used 18908K [0x00000006c4c00000, 0x00000006cb280000, 0x000000076c400000)
  object space 104960K, 18% used [0x00000006c4c00000,0x00000006c5e771f8,0x00000006cb280000)
 Metaspace       used 28475K, capacity 28810K, committed 29184K, reserved 1075200K
  class space    used 3679K, capacity 3755K, committed 3840K, reserved 1048576K
}

