# JRE version: Java(TM) SE Runtime Environment (8.0_101-b13) (build 1.8.0_101-b13)
# Java VM: Java HotSpot(TM) 64-Bit Server VM (25.101-b13 mixed mode linux-amd64 compressed oops)
Heap:
 PSYoungGen      total 235520K, used 234756K [0x000000076c400000, 0x000000077d800000, 0x00000007c0000000)
  eden space 218624K, 99% used [0x000000076c400000,0x00000007798c62a0,0x0000000779980000)
  from space 16896K, 99% used [0x000000077b400000,0x000000077c47afa0,0x000000077c480000)
  to   space 27136K, 0% used [0x0000000779980000,0x0000000779980000,0x000000077b400000)
 ParOldGen       total 154624K, used 39295K [0x00000006c4c00000, 0x00000006ce300000, 0x000000076c400000)
  object space 154624K, 25% used [0x00000006c4c00000,0x00000006c725fd68,0x00000006ce300000)
 Metaspace       used 53984K, capacity 54562K, committed 54912K, reserved 1097728K
  class space    used 6288K, capacity 6427K, committed 6528K, reserved 1048576K
GC Heap History (10 events):
Event: 6,178 GC heap before
{Heap before GC invocations=6 (full 1):
 PSYoungGen      total 109056K, used 106056K [0x000000076c400000, 0x0000000775300000, 0x00000007c0000000)
  eden space 102400K, 97% used [0x000000076c400000,0x000000077255d308,0x0000000772800000)
  from space 6656K, 95% used [0x0000000774c80000,0x00000007752b4fe0,0x0000000775300000)
  to   space 10752K, 0% used [0x0000000773e00000,0x0000000773e00000,0x0000000774880000)
 ParOldGen       total 98304K, used 8138K [0x00000006c4c00000, 0x00000006cac00000, 0x000000076c400000)
  object space 98304K, 8% used [0x00000006c4c00000,0x00000006c53f2918,0x00000006cac00000)
 Metaspace       used 34942K, capacity 35276K, committed 35416K, reserved 1081344K
  class space    used 4013K, capacity 4088K, committed 4096K, reserved 1048576K
Event: 6,209 GC heap after
Heap after GC invocations=6 (full 1):
 PSYoungGen      total 135680K, used 10736K [0x000000076c400000, 0x0000000777780000, 0x00000007c0000000)
  eden space 124928K, 0% used [0x000000076c400000,0x000000076c400000,0x0000000773e00000)
  from space 10752K, 99% used [0x0000000773e00000,0x000000077487c150,0x0000000774880000)
  to   space 12288K, 0% used [0x0000000776b80000,0x0000000776b80000,0x0000000777780000)
 ParOldGen       total 98304K, used 8538K [0x00000006c4c00000, 0x00000006cac00000, 0x000000076c400000)
  object space 98304K, 8% used [0x00000006c4c00000,0x00000006c5456a50,0x00000006cac00000)
 Metaspace       used 34942K, capacity 35276K, committed 35416K, reserved 1081344K
  class space    used 4013K, capacity 4088K, committed 4096K, reserved 1048576K
}
Event: 6,209 GC heap before
{Heap before GC invocations=7 (full 2):
 PSYoungGen      total 135680K, used 10736K [0x000000076c400000, 0x0000000777780000, 0x00000007c0000000)
  eden space 124928K, 0% used [0x000000076c400000,0x000000076c400000,0x0000000773e00000)
  from space 10752K, 99% used [0x0000000773e00000,0x000000077487c150,0x0000000774880000)
  to   space 12288K, 0% used [0x0000000776b80000,0x0000000776b80000,0x0000000777780000)
 ParOldGen       total 98304K, used 8538K [0x00000006c4c00000, 0x00000006cac00000, 0x000000076c400000)
  object space 98304K, 8% used [0x00000006c4c00000,0x00000006c5456a50,0x00000006cac00000)
 Metaspace       used 34942K, capacity 35276K, committed 35416K, reserved 1081344K
  class space    used 4013K, capacity 4088K, committed 4096K, reserved 1048576K
Event: 6,316 GC heap after
Heap after GC invocations=7 (full 2):
 PSYoungGen      total 135680K, used 0K [0x000000076c400000, 0x0000000777780000, 0x00000007c0000000)
  eden space 124928K, 0% used [0x000000076c400000,0x000000076c400000,0x0000000773e00000)
  from space 10752K, 0% used [0x0000000773e00000,0x0000000773e00000,0x0000000774880000)
  to   space 12288K, 0% used [0x0000000776b80000,0x0000000776b80000,0x0000000777780000)
 ParOldGen       total 154624K, used 16384K [0x00000006c4c00000, 0x00000006ce300000, 0x000000076c400000)
  object space 154624K, 10% used [0x00000006c4c00000,0x00000006c5c00138,0x00000006ce300000)
 Metaspace       used 34942K, capacity 35276K, committed 35416K, reserved 1081344K
  class space    used 4013K, capacity 4088K, committed 4096K, reserved 1048576K
}
Event: 7,959 GC heap before
{Heap before GC invocations=8 (full 2):
 PSYoungGen      total 135680K, used 124928K [0x000000076c400000, 0x0000000777780000, 0x00000007c0000000)
  eden space 124928K, 100% used [0x000000076c400000,0x0000000773e00000,0x0000000773e00000)
  from space 10752K, 0% used [0x0000000773e00000,0x0000000773e00000,0x0000000774880000)
  to   space 12288K, 0% used [0x0000000776b80000,0x0000000776b80000,0x0000000777780000)
 ParOldGen       total 154624K, used 16384K [0x00000006c4c00000, 0x00000006ce300000, 0x000000076c400000)
  object space 154624K, 10% used [0x00000006c4c00000,0x00000006c5c00138,0x00000006ce300000)
 Metaspace       used 42626K, capacity 43038K, committed 43264K, reserved 1087488K
  class space    used 5008K, capacity 5115K, committed 5120K, reserved 1048576K
Event: 7,997 GC heap after
Heap after GC invocations=8 (full 2):
 PSYoungGen      total 167424K, used 12287K [0x000000076c400000, 0x0000000779700000, 0x00000007c0000000)
  eden space 155136K, 0% used [0x000000076c400000,0x000000076c400000,0x0000000775b80000)
  from space 12288K, 99% used [0x0000000776b80000,0x000000077777fe60,0x0000000777780000)
  to   space 16384K, 0% used [0x0000000775b80000,0x0000000775b80000,0x0000000776b80000)
 ParOldGen       total 154624K, used 20595K [0x00000006c4c00000, 0x00000006ce300000, 0x000000076c400000)
  object space 154624K, 13% used [0x00000006c4c00000,0x00000006c601cea0,0x00000006ce300000)
 Metaspace       used 42626K, capacity 43038K, committed 43264K, reserved 1087488K
  class space    used 5008K, capacity 5115K, committed 5120K, reserved 1048576K
}
Event: 9,307 GC heap before
{Heap before GC invocations=9 (full 2):
 PSYoungGen      total 167424K, used 167423K [0x000000076c400000, 0x0000000779700000, 0x00000007c0000000)
  eden space 155136K, 100% used [0x000000076c400000,0x0000000775b80000,0x0000000775b80000)
  from space 12288K, 99% used [0x0000000776b80000,0x000000077777fe60,0x0000000777780000)
  to   space 16384K, 0% used [0x0000000775b80000,0x0000000775b80000,0x0000000776b80000)
 ParOldGen       total 154624K, used 20595K [0x00000006c4c00000, 0x00000006ce300000, 0x000000076c400000)
  object space 154624K, 13% used [0x00000006c4c00000,0x00000006c601cea0,0x00000006ce300000)
 Metaspace       used 42725K, capacity 43102K, committed 43520K, reserved 1087488K
  class space    used 5009K, capacity 5115K, committed 5120K, reserved 1048576K
Event: 9,339 GC heap after
Heap after GC invocations=9 (full 2):
 PSYoungGen      total 171520K, used 12826K [0x000000076c400000, 0x000000077c480000, 0x00000007c0000000)
  eden space 155136K, 0% used [0x000000076c400000,0x000000076c400000,0x0000000775b80000)
  from space 16384K, 78% used [0x0000000775b80000,0x00000007768069f0,0x0000000776b80000)
  to   space 16896K, 0% used [0x000000077b400000,0x000000077b400000,0x000000077c480000)
 ParOldGen       total 154624K, used 20603K [0x00000006c4c00000, 0x00000006ce300000, 0x000000076c400000)
  object space 154624K, 13% used [0x00000006c4c00000,0x00000006c601eea0,0x00000006ce300000)
 Metaspace       used 42725K, capacity 43102K, committed 43520K, reserved 1087488K
  class space    used 5009K, capacity 5115K, committed 5120K, reserved 1048576K
}
Event: 12,097 GC heap before
{Heap before GC invocations=10 (full 2):
 PSYoungGen      total 171520K, used 167962K [0x000000076c400000, 0x000000077c480000, 0x00000007c0000000)
  eden space 155136K, 100% used [0x000000076c400000,0x0000000775b80000,0x0000000775b80000)
  from space 16384K, 78% used [0x0000000775b80000,0x00000007768069f0,0x0000000776b80000)
  to   space 16896K, 0% used [0x000000077b400000,0x000000077b400000,0x000000077c480000)
 ParOldGen       total 154624K, used 20603K [0x00000006c4c00000, 0x00000006ce300000, 0x000000076c400000)
  object space 154624K, 13% used [0x00000006c4c00000,0x00000006c601eea0,0x00000006ce300000)
 Metaspace       used 50913K, capacity 51350K, committed 51840K, reserved 1095680K
  class space    used 6091K, capacity 6201K, committed 6272K, reserved 1048576K
Event: 12,153 GC heap after
Heap after GC invocations=10 (full 2):
 PSYoungGen      total 235520K, used 16875K [0x000000076c400000, 0x000000077d800000, 0x00000007c0000000)
  eden space 218624K, 0% used [0x000000076c400000,0x000000076c400000,0x0000000779980000)
  from space 16896K, 99% used [0x000000077b400000,0x000000077c47afa0,0x000000077c480000)
  to   space 27136K, 0% used [0x0000000779980000,0x0000000779980000,0x000000077b400000)
 ParOldGen       total 154624K, used 39295K [0x00000006c4c00000, 0x00000006ce300000, 0x000000076c400000)
  object space 154624K, 25% used [0x00000006c4c00000,0x00000006c725fd68,0x00000006ce300000)
 Metaspace       used 50913K, capacity 51350K, committed 51840K, reserved 1095680K
  class space    used 6091K, capacity 6201K, committed 6272K, reserved 1048576K
}

